[2026-01-03 11:52:12,310] INFO: [MES] MES v3.5.95 DEMO starting cycle
[2026-01-03 11:52:15,831] INFO: [MES] MES v3.5.95 LIVE starting cycle
[2026-01-03 23:59:10,334] INFO: [MES] MES v3.5.95 DEMO starting cycle
[2026-01-03 23:59:14,594] INFO: [MES] MES v3.5.95 LIVE starting cycle
[2026-01-04 14:56:21,206] INFO: [MES] MES v3.5.95 DEMO starting cycle
[2026-01-04 14:57:41,848] INFO: [MES] MES v3.5.95 LIVE starting cycle
[2026-01-04 15:35:58,979] INFO: [MES] MES v3.5.95 DEMO starting cycle
[2026-01-04 16:15:03,524] INFO: [MES] MES v3.5.95 LIVE starting cycle
[2026-01-04 16:30:02,818] INFO: [MES] MES v3.5.95 LIVE starting cycle
[2026-01-04 16:48:30,521] INFO: [MES] MES v3.5.95 DEMO starting cycle
[2026-01-04 17:00:02,735] INFO: [MES] MES v3.5.95 LIVE starting cycle
[2026-01-04 17:30:02,801] INFO: [MES] MES v3.5.95 LIVE starting cycle
[2026-01-04 18:00:02,707] INFO: [MES] MES v3.5.95 LIVE starting cycle
[2026-01-04 18:30:03,024] INFO: [MES] MES v3.5.95 LIVE starting cycle
[2026-01-04 19:00:02,749] INFO: [MES] MES v3.5.95 LIVE starting cycle
[2026-01-04 19:30:03,041] INFO: [MES] MES v3.5.95 LIVE starting cycle
[2026-01-04 20:00:02,724] INFO: [MES] MES v3.5.95 LIVE starting cycle
[2026-01-04 20:30:02,702] INFO: [MES] MES v3.5.95 LIVE starting cycle
[2026-01-04 21:00:02,734] INFO: [MES] MES v3.5.95 LIVE starting cycle
[2026-01-04 21:30:02,836] INFO: [MES] MES v3.5.95 LIVE starting cycle
[2026-01-04 22:00:02,744] INFO: [MES] MES v3.5.95 DEMO starting cycle
[2026-01-04 22:00:02,770] INFO: [MES] MES v3.5.95 LIVE starting cycle
[2026-01-04 22:30:02,890] INFO: [MES] MES v3.5.95 LIVE starting cycle
[2026-01-04 23:00:02,838] INFO: [MES] MES v3.5.95 LIVE starting cycle
[2026-01-04 23:30:02,823] INFO: [MES] MES v3.5.95 LIVE starting cycle
[2026-01-05 00:00:02,827] INFO: [MES] MES v3.5.95 LIVE starting cycle
[2026-01-05 00:30:02,764] INFO: [MES] MES v3.5.95 LIVE starting cycle
[2026-01-05 01:00:02,817] INFO: [MES] MES v3.5.95 LIVE starting cycle
[2026-01-05 01:30:02,833] INFO: [MES] MES v3.5.95 LIVE starting cycle
[2026-01-05 02:00:02,705] INFO: [MES] MES v3.5.95 LIVE starting cycle
[2026-01-05 02:30:02,724] INFO: [MES] MES v3.5.95 LIVE starting cycle
[2026-01-05 03:00:02,803] INFO: [MES] MES v3.5.95 LIVE starting cycle
[2026-01-05 03:30:02,771] INFO: [MES] MES v3.5.95 LIVE starting cycle
[2026-01-05 04:00:03,262] INFO: [MES] MES v3.5.95 LIVE starting cycle
[2026-01-05 04:30:02,889] INFO: [MES] MES v3.5.95 LIVE starting cycle
[2026-01-05 05:00:02,890] INFO: [MES] MES v3.5.95 LIVE starting cycle
[2026-01-05 05:30:03,017] INFO: [MES] MES v3.5.95 LIVE starting cycle
[2026-01-05 06:00:02,731] INFO: [MES] MES v3.5.95 LIVE starting cycle
[2026-01-05 06:06:52,406] INFO: [MES] MES v3.5.95 LIVE starting cycle
[2026-01-05 06:29:01,837] INFO: [MES] MES v3.5.95 DEMO starting cycle
[2026-01-05 06:29:04,667] INFO: [MES] Placing SELL EUR_USD 456197 SL=1.16835 TP=1.16728
[2026-01-05 06:29:04,793] INFO: [MES] OANDA_FILL_RAW: {"orderCreateTransaction": {"id": "9424", "accountID": "101-001-30887082-001", "userID": 30887082, "batchID": "9424", "requestID": "115500340720742161", "time": "2026-01-05T14:29:04.726600774Z", "type": "MARKET_ORDER", "instrument": "EUR_USD", "units": "-456197", "timeInForce": "FOK", "positionFill": "DEFAULT", "takeProfitOnFill": {"price": "1.16728", "timeInForce": "GTC"}, "stopLossOnFill": {"price": "1.16835", "timeInForce": "GTC", "triggerMode": "TOP_OF_BOOK"}, "reason": "CLIENT_ORDER", "clientExtensions": {"tag": "MESv3.5.95_proRetest"}}, "orderFillTransaction": {"id": "9425", "accountID": "101-001-30887082-001", "userID": 30887082, "batchID": "9424", "requestID": "115500340720742161", "time": "2026-01-05T14:29:04.726600774Z", "type": "ORDER_FILL", "orderID": "9424", "instrument": "EUR_USD", "units": "-456197", "requestedUnits": "-456197", "price": "1.16778", "pl": "0.0000", "quotePL": "0", "financing": "0.0000", "baseFinancing": "0", "commission": "0.0000", "accountBalance": "89032.0073", "gainQuoteHomeConversionFactor": "1", "lossQuoteHomeConversionFactor": "1", "guaranteedExecutionFee": "0.0000", "quoteGuaranteedExecutionFee": "0", "halfSpreadCost": "36.4958", "fullVWAP": "1.16778", "reason": "MARKET_ORDER", "tradeOpened": {"price": "1.16778", "tradeID": "9425", "units": "-456197", "guaranteedExecutionFee": "0.0000", "quoteGuaranteedExecutionFee": "0", "halfSpreadCost": "36.4958", "initialMarginRequired": "10655.4846"}, "fullPrice": {"closeoutBid": "1.16769", "closeoutAsk": "1.16804", "timestamp": "2026-01-05T14:29:04.534808190Z", "bids": [{"price": "1.16778", "liquidity": "500000"}, {"price": "1.16777", "liquidity": "500000"}, {"price": "1.16776", "liquidity": "2000000"}, {"price": "1.16775", "liquidity": "2000000"}, {"price": "1.16774", "liquidity": "5000000"}, {"price": "1.16772", "liquidity": "10000000"}, {"price": "1.16769", "liquidity": "10000000"}], "asks": [{"price": "1.16794", "liquidity": "500000"}, {"price": "1.16796", "liquidity": "2500000"}, {"price": "1.16797", "liquidity": "2000000"}, {"price": "1.16798", "liquidity": "5000000"}, {"price": "1.16801", "liquidity": "10000000"}, {"price": "1.16804", "liquidity": "10000000"}]}, "homeConversionFactors": {"gainQuoteHome": {"factor": "1"}, "lossQuoteHome": {"factor": "1"}, "gainBaseHome": {"factor": "1.16202070"}, "lossBaseHome": {"factor": "1.17369930"}}}, "relatedTransactionIDs": ["9424", "9425", "9426", "9427"], "lastTransactionID": "9427"}
[2026-01-05 06:29:11,899] INFO: [MES] MES v3.5.95 LIVE starting cycle
[2026-01-05 06:29:13,146] INFO: [MES] Placing SELL EUR_USD 2787 SL=1.16835 TP=1.16728
[2026-01-05 06:29:13,243] INFO: [MES] OANDA_FILL_RAW: {"orderCreateTransaction": {"id": "12855", "accountID": "001-001-13273779-001", "userID": 13273779, "batchID": "12855", "requestID": "169543536288612066", "time": "2026-01-05T14:29:13.197049438Z", "type": "MARKET_ORDER", "instrument": "EUR_USD", "units": "-2787", "timeInForce": "FOK", "positionFill": "DEFAULT", "takeProfitOnFill": {"price": "1.16728", "timeInForce": "GTC"}, "stopLossOnFill": {"price": "1.16835", "timeInForce": "GTC", "triggerMode": "TOP_OF_BOOK"}, "reason": "CLIENT_ORDER", "clientExtensions": {"tag": "MESv3.5.95_proRetest"}}, "orderFillTransaction": {"id": "12856", "accountID": "001-001-13273779-001", "userID": 13273779, "batchID": "12855", "requestID": "169543536288612066", "time": "2026-01-05T14:29:13.197049438Z", "type": "ORDER_FILL", "orderID": "12855", "instrument": "EUR_USD", "units": "-2787", "requestedUnits": "-2787", "price": "1.16780", "pl": "0.0000", "quotePL": "0", "financing": "0.0000", "baseFinancing": "0", "commission": "0.0000", "accountBalance": "128.9252", "gainQuoteHomeConversionFactor": "1", "lossQuoteHomeConversionFactor": "1", "guaranteedExecutionFee": "0.0000", "quoteGuaranteedExecutionFee": "0", "halfSpreadCost": "0.1951", "fullVWAP": "1.16780", "reason": "MARKET_ORDER", "tradeOpened": {"price": "1.16780", "tradeID": "12856", "units": "-2787", "guaranteedExecutionFee": "0.0000", "quoteGuaranteedExecutionFee": "0", "halfSpreadCost": "0.1951", "initialMarginRequired": "65.0971"}, "fullPrice": {"closeoutBid": "1.16771", "closeoutAsk": "1.16804", "timestamp": "2026-01-05T14:29:12.884421954Z", "bids": [{"price": "1.16780", "liquidity": "500000"}, {"price": "1.16779", "liquidity": "500000"}, {"price": "1.16778", "liquidity": "2000000"}, {"price": "1.16777", "liquidity": "2000000"}, {"price": "1.16776", "liquidity": "5000000"}, {"price": "1.16774", "liquidity": "10000000"}, {"price": "1.16771", "liquidity": "10000000"}], "asks": [{"price": "1.16794", "liquidity": "500000"}, {"price": "1.16796", "liquidity": "2500000"}, {"price": "1.16797", "liquidity": "2000000"}, {"price": "1.16798", "liquidity": "5000000"}, {"price": "1.16801", "liquidity": "10000000"}, {"price": "1.16804", "liquidity": "10000000"}]}, "homeConversionFactors": {"gainQuoteHome": {"factor": "1"}, "lossQuoteHome": {"factor": "1"}, "gainBaseHome": {"factor": "1.16203065"}, "lossBaseHome": {"factor": "1.17370935"}}}, "relatedTransactionIDs": ["12855", "12856", "12857", "12858"], "lastTransactionID": "12858"}
[2026-01-05 07:16:18,752] INFO: [MES] MES v3.5.96 DEMO starting cycle
[2026-01-05 07:16:29,328] INFO: [MES] MES v3.5.96 LIVE starting cycle
[2026-01-05 07:45:41,234] INFO: [MES] MES v3.5.96 DEMO starting cycle
[2026-01-05 07:45:51,397] INFO: [MES] MES v3.5.96 LIVE starting cycle
[2026-01-05 08:45:00,874] INFO: [MES] MES v3.5.95 DEMO starting cycle
[2026-01-05 08:45:12,628] INFO: [MES] MES v3.5.95 LIVE starting cycle
[2026-01-05 08:50:49,014] INFO: [MES] MES v3.5.95 DEMO starting cycle
[2026-01-05 08:50:57,530] INFO: [MES] MES v3.5.95 LIVE starting cycle
[2026-01-07 08:04:34,674] INFO: [MES] MES v3.5.96 DEMO starting cycle
[2026-01-07 08:04:37,680] INFO: [MES] OANDA_CLOSE_RAW: {"errorMessage": "HTTP method 'POST' not allowed for this endpoint."}
[2026-01-07 08:04:39,572] INFO: [MES] OANDA_CLOSE_RAW: {"errorMessage": "HTTP method 'POST' not allowed for this endpoint."}
[2026-01-07 08:04:43,717] INFO: [MES] MES v3.5.96 LIVE starting cycle
[2026-01-07 08:45:25,072] INFO: [MES] MES v3.5.97 DEMO starting cycle
[2026-01-07 08:45:42,445] INFO: [MES] MES v3.5.97 LIVE starting cycle
[2026-01-07 09:08:51,976] INFO: [MES] MES v3.5.96 DEMO starting cycle
[2026-01-07 09:08:55,265] INFO: [MES] OANDA_CLOSE_RAW: {"errorMessage": "HTTP method 'POST' not allowed for this endpoint."}
[2026-01-07 09:08:55,848] INFO: [MES] OANDA_CLOSE_RAW: {"errorMessage": "HTTP method 'POST' not allowed for this endpoint."}
[2026-01-07 09:08:58,269] INFO: [MES] Placing LIMIT BUY EUR_GBP 559595 @ 0.86763 SL=0.86745 TP=0.86798
[2026-01-07 09:08:58,440] INFO: [MES] OANDA_FILL_RAW: {"orderCreateTransaction": {"id": "9504", "accountID": "101-001-30887082-001", "userID": 30887082, "batchID": "9504", "requestID": "79472308717187592", "time": "2026-01-07T17:08:58.315814880Z", "type": "LIMIT_ORDER", "instrument": "EUR_GBP", "units": "559595", "price": "0.86763", "timeInForce": "GTC", "triggerCondition": "DEFAULT", "partialFill": "DEFAULT", "positionFill": "DEFAULT", "takeProfitOnFill": {"price": "0.86798", "timeInForce": "GTC"}, "stopLossOnFill": {"price": "0.86745", "timeInForce": "GTC", "triggerMode": "TOP_OF_BOOK"}, "reason": "CLIENT_ORDER", "clientExtensions": {"tag": "MESv3.5.96_proContinuation"}}, "relatedTransactionIDs": ["9504"], "lastTransactionID": "9504"}
[2026-01-07 09:09:01,374] INFO: [MES] MES v3.5.96 LIVE starting cycle
[2026-01-07 09:09:03,011] INFO: [MES] OANDA_CLOSE_RAW: {"errorMessage": "HTTP method 'POST' not allowed for this endpoint."}
[2026-01-07 09:09:03,654] INFO: [MES] OANDA_CLOSE_RAW: {"errorMessage": "HTTP method 'POST' not allowed for this endpoint."}
[2026-01-07 09:09:06,019] INFO: [MES] Placing LIMIT BUY EUR_GBP 3641 @ 0.86769 SL=0.86745 TP=0.86804
[2026-01-07 09:09:06,134] INFO: [MES] OANDA_FILL_RAW: {"orderCreateTransaction": {"id": "12953", "accountID": "001-001-13273779-001", "userID": 13273779, "batchID": "12953", "requestID": "133515504279263300", "time": "2026-01-07T17:09:06.074703448Z", "type": "LIMIT_ORDER", "instrument": "EUR_GBP", "units": "3641", "price": "0.86769", "timeInForce": "GTC", "triggerCondition": "DEFAULT", "partialFill": "DEFAULT", "positionFill": "DEFAULT", "takeProfitOnFill": {"price": "0.86804", "timeInForce": "GTC"}, "stopLossOnFill": {"price": "0.86745", "timeInForce": "GTC", "triggerMode": "TOP_OF_BOOK"}, "reason": "CLIENT_ORDER", "clientExtensions": {"tag": "MESv3.5.96_proContinuation"}}, "relatedTransactionIDs": ["12953"], "lastTransactionID": "12953"}
[2026-01-07 09:57:15,700] INFO: [MES] MES v3.5.96 DEMO starting cycle
[2026-01-07 09:57:18,914] INFO: [MES] OANDA_CLOSE_RAW: {"errorMessage": "HTTP method 'POST' not allowed for this endpoint."}
[2026-01-07 09:57:19,601] INFO: [MES] OANDA_CLOSE_RAW: {"errorMessage": "HTTP method 'POST' not allowed for this endpoint."}
[2026-01-07 09:57:24,932] INFO: [MES] MES v3.5.96 LIVE starting cycle
[2026-01-07 09:57:26,785] INFO: [MES] Placing LIMIT SELL GBP_USD 3356 @ 1.3472700000000002 SL=1.34757 TP=1.34692
[2026-01-07 09:57:26,896] INFO: [MES] OANDA_FILL_RAW: {"orderCreateTransaction": {"id": "12959", "accountID": "001-001-13273779-001", "userID": 13273779, "batchID": "12959", "requestID": "97486719425585957", "time": "2026-01-07T17:57:26.844566135Z", "type": "LIMIT_ORDER", "instrument": "GBP_USD", "units": "-3356", "price": "1.34727", "timeInForce": "GTC", "triggerCondition": "DEFAULT", "partialFill": "DEFAULT", "positionFill": "DEFAULT", "takeProfitOnFill": {"price": "1.34692", "timeInForce": "GTC"}, "stopLossOnFill": {"price": "1.34757", "timeInForce": "GTC", "triggerMode": "TOP_OF_BOOK"}, "reason": "CLIENT_ORDER", "clientExtensions": {"tag": "MESv3.5.96_proContinuation"}}, "relatedTransactionIDs": ["12959"], "lastTransactionID": "12959"}
[2026-01-07 09:57:27,608] INFO: [MES] OANDA_CLOSE_RAW: {"errorMessage": "HTTP method 'POST' not allowed for this endpoint."}
[2026-01-08 10:55:09,647] INFO: [MES] MES Scalp v3.5.96 DEMO starting cycle
